Using pre-set license
Built from '2020.3/staging' branch; Version is '2020.3.13f1 (71691879b7f5) revision 7432472'; Using compiler version '192528614'; Build Type 'Release'
OS: 'Windows 10 Home Single Language; OS build 19042.1415; Version 2009; 64bit' Language: 'ru' Physical Memory: 7103 MB
BatchMode: 1, IsHumanControllingUs: 0, StartBugReporterOnCrash: 0, Is64bit: 1, IsPro: 0

 COMMAND LINE ARGUMENTS:
C:\Program Files\Unity\Hub\Editor\2020.3.13f1\Editor\Unity.exe
-adb2
-batchMode
-noUpm
-name
AssetImportWorker17
-projectPath
D:/Games/Quiz
-logFile
Logs/AssetImportWorker17.log
-srvPort
55079
Successfully changed project path to: D:/Games/Quiz
D:/Games/Quiz
Using Asset Import Pipeline V2.
